[ionicframework.com/docs/v3/cli/index.html]
[backblue.gif]
[fade.gif]
[index.html]
[ionicframework.com/docs/v3/cli/projects.html]
[ionicframework.com/docs/v3/cli/starters.html]
[ionicframework.com/docs/v3/cli/commands.html]
[ionicframework.com/docs/v3/cli/index.html]
[ionicframework.com/docs/v3/cli/projects.html]
[ionicframework.com/docs/v3/cli/starters.html]
[ionicframework.com/docs/v3/cli/commands.html]
[ionicframework.com/docs/v3/cli/configuring.html]
[ionicframework.com/docs/v3/cli/configuring.html]
[ionicframework.com/docs/v3/cli/build/index.html]
[ionicframework.com/docs/v3/cli/generate/index.html]
[ionicframework.com/docs/v3/cli/build/index.html]
[ionicframework.com/docs/v3/cli/info/index.html]
[ionicframework.com/docs/v3/cli/docs/index.html]
[ionicframework.com/docs/v3/cli/docs/index.html]
[ionicframework.com/docs/v3/cli/link/index.html]
[ionicframework.com/docs/v3/cli/login/index.html]
[ionicframework.com/docs/v3/cli/generate/index.html]
[ionicframework.com/docs/v3/cli/serve/index.html]
[ionicframework.com/docs/v3/cli/info/index.html]
[ionicframework.com/docs/v3/cli/signup/index.html]
[ionicframework.com/docs/v3/cli/telemetry/index.html]
[ionicframework.com/docs/v3/cli/link/index.html]
[ionicframework.com/docs/v3/cli/start/index.html]
[ionicframework.com/docs/v3/cli/login/index.html]
[ionicframework.com/docs/v3/cli/upload/index.html]
[ionicframework.com/docs/v3/cli/serve/index.html]
[ionicframework.com/docs/v3/cli/config/set/index.html]
[ionicframework.com/docs/v3/cli/config/get/index.html]
[ionicframework.com/docs/v3/cli/signup/index.html]
[ionicframework.com/docs/v3/cli/cordova/build/index.html]
[ionicframework.com/docs/v3/cli/start/index.html]
[ionicframework.com/docs/v3/cli/cordova/compile/index.html]
[ionicframework.com/docs/v3/cli/telemetry/index.html]
[ionicframework.com/docs/v3/cli/cordova/emulate/index.html]
[ionicframework.com/docs/v3/cli/cordova/platform/index.html]
[ionicframework.com/docs/v3/cli/upload/index.html]
[ionicframework.com/docs/v3/cli/cordova/plugin/index.html]
[ionicframework.com/docs/v3/cli/cordova/prepare/index.html]
[ionicframework.com/docs/v3/cli/config/get/index.html]
[ionicframework.com/docs/v3/cli/cordova/requirements/index.html]
[ionicframework.com/docs/v3/cli/config/set/index.html]
[ionicframework.com/docs/v3/cli/cordova/resources/index.html]
[ionicframework.com/docs/v3/cli/cordova/run/index.html]
[ionicframework.com/docs/v3/cli/cordova/build/index.html]
[ionicframework.com/docs/v3/cli/doctor/check/index.html]
[ionicframework.com/docs/v3/cli/doctor/ignore/index.html]
[ionicframework.com/docs/v3/cli/cordova/compile/index.html]
[ionicframework.com/docs/v3/cli/doctor/list/index.html]
[ionicframework.com/docs/v3/cli/git/remote/index.html]
[ionicframework.com/docs/v3/cli/cordova/emulate/index.html]
[ionicframework.com/docs/v3/cli/integrations/enable/index.html]
[ionicframework.com/docs/v3/cli/cordova/platform/index.html]
[ionicframework.com/docs/v3/cli/integrations/disable/index.html]
[ionicframework.com/docs/v3/cli/monitoring/syncmaps/index.html]
[ionicframework.com/docs/v3/cli/package/build/index.html]
[ionicframework.com/docs/v3/cli/cordova/plugin/index.html]
[ionicframework.com/docs/v3/cli/package/download/index.html]
[ionicframework.com/docs/v3/cli/cordova/prepare/index.html]
[ionicframework.com/docs/v3/cli/ssh/add/index.html]
[ionicframework.com/docs/v3/cli/cordova/requirements/index.html]
[ionicframework.com/docs/v3/cli/package/info/index.html]
[ionicframework.com/docs/v3/cli/package/list/index.html]
[ionicframework.com/docs/v3/cli/ssh/delete/index.html]
[ionicframework.com/docs/v3/cli/cordova/resources/index.html]
[ionicframework.com/docs/v3/cli/ssh/generate/index.html]
[ionicframework.com/docs/v3/cli/cordova/run/index.html]
[ionicframework.com/docs/v3/cli/doctor/check/index.html]
[ionicframework.com/docs/v3/cli/doctor/ignore/index.html]
[ionicframework.com/docs/v3/cli/doctor/list/index.html]
[ionicframework.com/docs/v3/cli/git/remote/index.html]
[ionicframework.com/docs/v3/cli/integrations/disable/index.html]
[ionicframework.com/docs/v3/cli/integrations/enable/index.html]
[ionicframework.com/docs/v3/cli/monitoring/syncmaps/index.html]
[ionicframework.com/docs/v3/cli/package/build/index.html]
[ionicframework.com/docs/v3/cli/package/download/index.html]
[ionicframework.com/docs/v3/cli/package/info/index.html]
[ionicframework.com/docs/v3/cli/package/list/index.html]
[ionicframework.com/docs/v3/cli/ssh/add/index.html]
[ionicframework.com/docs/v3/cli/ssh/delete/index.html]
[ionicframework.com/docs/v3/cli/ssh/generate/index.html]
[ionicframework.com/docs/v3/cli/ssh/setup/index.html]
[ionicframework.com/docs/v3/cli/ssh/use/index.html]
[ionicframework.com/docs/v3/cli/ssh/list/index.html]
[ionicframework.com/docs/v3/cli/ssh/list/index.html]
[ionicframework.com/docs/v3/cli/ssh/setup/index.html]
[ionicframework.com/docs/v3/cli/ssh/use/index.html]
